Build started 2/13/2016 11:09:49 PM.
     1>Project "D:\Users\Nizar\Documents\Visual Studio 2013\Projects\CSE430Proj2Part1\CSE430Proj2Part1\CSE430Proj2Part1.vcxproj" on node 2 (ClCompile target(s)).
     1>ClCompile:
         D:\Program Files (x86)\Microsoft Visual Studio 12.0\VC\bin\CL.exe /c /ZI /nologo /W3 /WX- /sdl /Od /Oy- /D _MBCS /Gm /EHsc /RTC1 /MDd /GS /fp:precise /Zc:wchar_t /Zc:forScope /Fo"Debug\\" /Fd"Debug\vc120.pdb" /Gd /TC /analyze- /errorReport:prompt user.c
         user.c
     1>d:\program files (x86)\microsoft visual studio 12.0\vc\include\xtgmath.h(214): warning C4602: #pragma pop_macro : 'new' no previous #pragma push_macro for this identifier
     1>d:\program files (x86)\microsoft visual studio 12.0\vc\include\xtgmath.h(215): warning C4193: #pragma warning(pop) : no matching '#pragma warning(push)'
     1>d:\program files (x86)\microsoft visual studio 12.0\vc\include\xtgmath.h(216): warning C4161: #pragma pack(pop...) : more pops than pushes
     1>d:\program files (x86)\microsoft visual studio 12.0\vc\include\cmath(23): error C2061: syntax error : identifier 'abs'
     1>d:\program files (x86)\microsoft visual studio 12.0\vc\include\cmath(23): error C2059: syntax error : ';'
     1>d:\program files (x86)\microsoft visual studio 12.0\vc\include\cmath(23): error C2061: syntax error : identifier 'acos'
     1>d:\program files (x86)\microsoft visual studio 12.0\vc\include\cmath(23): error C2061: syntax error : identifier 'asin'
     1>d:\program files (x86)\microsoft visual studio 12.0\vc\include\cmath(24): error C2061: syntax error : identifier 'atan'
     1>d:\program files (x86)\microsoft visual studio 12.0\vc\include\cmath(24): error C2059: syntax error : ';'
     1>d:\program files (x86)\microsoft visual studio 12.0\vc\include\cmath(24): error C2061: syntax error : identifier 'atan2'
     1>d:\program files (x86)\microsoft visual studio 12.0\vc\include\cmath(24): error C2061: syntax error : identifier 'ceil'
     1>d:\program files (x86)\microsoft visual studio 12.0\vc\include\cmath(25): error C2061: syntax error : identifier 'cos'
     1>d:\program files (x86)\microsoft visual studio 12.0\vc\include\cmath(25): error C2059: syntax error : ';'
     1>d:\program files (x86)\microsoft visual studio 12.0\vc\include\cmath(25): error C2061: syntax error : identifier 'cosh'
     1>d:\program files (x86)\microsoft visual studio 12.0\vc\include\cmath(25): error C2061: syntax error : identifier 'exp'
     1>d:\program files (x86)\microsoft visual studio 12.0\vc\include\cmath(26): error C2061: syntax error : identifier 'fabs'
     1>d:\program files (x86)\microsoft visual studio 12.0\vc\include\cmath(26): error C2059: syntax error : ';'
     1>d:\program files (x86)\microsoft visual studio 12.0\vc\include\cmath(26): error C2061: syntax error : identifier 'floor'
     1>d:\program files (x86)\microsoft visual studio 12.0\vc\include\cmath(26): error C2061: syntax error : identifier 'fmod'
     1>d:\program files (x86)\microsoft visual studio 12.0\vc\include\cmath(27): error C2061: syntax error : identifier 'frexp'
     1>d:\program files (x86)\microsoft visual studio 12.0\vc\include\cmath(27): error C2059: syntax error : ';'
     1>d:\program files (x86)\microsoft visual studio 12.0\vc\include\cmath(27): error C2061: syntax error : identifier 'ldexp'
     1>d:\program files (x86)\microsoft visual studio 12.0\vc\include\cmath(27): error C2061: syntax error : identifier 'log'
     1>d:\program files (x86)\microsoft visual studio 12.0\vc\include\cmath(28): error C2061: syntax error : identifier 'log10'
     1>d:\program files (x86)\microsoft visual studio 12.0\vc\include\cmath(28): error C2059: syntax error : ';'
     1>d:\program files (x86)\microsoft visual studio 12.0\vc\include\cmath(28): error C2061: syntax error : identifier 'modf'
     1>d:\program files (x86)\microsoft visual studio 12.0\vc\include\cmath(28): error C2061: syntax error : identifier 'pow'
     1>d:\program files (x86)\microsoft visual studio 12.0\vc\include\cmath(29): error C2061: syntax error : identifier 'sin'
     1>d:\program files (x86)\microsoft visual studio 12.0\vc\include\cmath(29): error C2059: syntax error : ';'
     1>d:\program files (x86)\microsoft visual studio 12.0\vc\include\cmath(29): error C2061: syntax error : identifier 'sinh'
     1>d:\program files (x86)\microsoft visual studio 12.0\vc\include\cmath(29): error C2061: syntax error : identifier 'sqrt'
     1>d:\program files (x86)\microsoft visual studio 12.0\vc\include\cmath(30): error C2061: syntax error : identifier 'tan'
     1>d:\program files (x86)\microsoft visual studio 12.0\vc\include\cmath(30): error C2059: syntax error : ';'
     1>d:\program files (x86)\microsoft visual studio 12.0\vc\include\cmath(30): error C2061: syntax error : identifier 'tanh'
     1>d:\program files (x86)\microsoft visual studio 12.0\vc\include\cmath(32): error C2061: syntax error : identifier 'acosf'
     1>d:\program files (x86)\microsoft visual studio 12.0\vc\include\cmath(32): error C2059: syntax error : ';'
     1>d:\program files (x86)\microsoft visual studio 12.0\vc\include\cmath(32): error C2061: syntax error : identifier 'asinf'
     1>d:\program files (x86)\microsoft visual studio 12.0\vc\include\cmath(33): error C2061: syntax error : identifier 'atanf'
     1>d:\program files (x86)\microsoft visual studio 12.0\vc\include\cmath(33): error C2059: syntax error : ';'
     1>d:\program files (x86)\microsoft visual studio 12.0\vc\include\cmath(33): error C2061: syntax error : identifier 'atan2f'
     1>d:\program files (x86)\microsoft visual studio 12.0\vc\include\cmath(33): error C2061: syntax error : identifier 'ceilf'
     1>d:\program files (x86)\microsoft visual studio 12.0\vc\include\cmath(34): error C2061: syntax error : identifier 'cosf'
     1>d:\program files (x86)\microsoft visual studio 12.0\vc\include\cmath(34): error C2059: syntax error : ';'
     1>d:\program files (x86)\microsoft visual studio 12.0\vc\include\cmath(34): error C2061: syntax error : identifier 'coshf'
     1>d:\program files (x86)\microsoft visual studio 12.0\vc\include\cmath(34): error C2061: syntax error : identifier 'expf'
     1>d:\program files (x86)\microsoft visual studio 12.0\vc\include\cmath(35): error C2061: syntax error : identifier 'fabsf'
     1>d:\program files (x86)\microsoft visual studio 12.0\vc\include\cmath(35): error C2059: syntax error : ';'
     1>d:\program files (x86)\microsoft visual studio 12.0\vc\include\cmath(35): error C2061: syntax error : identifier 'floorf'
     1>d:\program files (x86)\microsoft visual studio 12.0\vc\include\cmath(35): error C2061: syntax error : identifier 'fmodf'
     1>d:\program files (x86)\microsoft visual studio 12.0\vc\include\cmath(36): error C2061: syntax error : identifier 'frexpf'
     1>d:\program files (x86)\microsoft visual studio 12.0\vc\include\cmath(36): error C2059: syntax error : ';'
     1>d:\program files (x86)\microsoft visual studio 12.0\vc\include\cmath(36): error C2061: syntax error : identifier 'ldexpf'
     1>d:\program files (x86)\microsoft visual studio 12.0\vc\include\cmath(36): error C2061: syntax error : identifier 'logf'
     1>d:\program files (x86)\microsoft visual studio 12.0\vc\include\cmath(37): error C2061: syntax error : identifier 'log10f'
     1>d:\program files (x86)\microsoft visual studio 12.0\vc\include\cmath(37): error C2059: syntax error : ';'
     1>d:\program files (x86)\microsoft visual studio 12.0\vc\include\cmath(37): error C2061: syntax error : identifier 'modff'
     1>d:\program files (x86)\microsoft visual studio 12.0\vc\include\cmath(37): error C2061: syntax error : identifier 'powf'
     1>d:\program files (x86)\microsoft visual studio 12.0\vc\include\cmath(38): error C2061: syntax error : identifier 'sinf'
     1>d:\program files (x86)\microsoft visual studio 12.0\vc\include\cmath(38): error C2059: syntax error : ';'
     1>d:\program files (x86)\microsoft visual studio 12.0\vc\include\cmath(38): error C2061: syntax error : identifier 'sinhf'
     1>d:\program files (x86)\microsoft visual studio 12.0\vc\include\cmath(38): error C2061: syntax error : identifier 'sqrtf'
     1>d:\program files (x86)\microsoft visual studio 12.0\vc\include\cmath(39): error C2061: syntax error : identifier 'tanf'
     1>d:\program files (x86)\microsoft visual studio 12.0\vc\include\cmath(39): error C2059: syntax error : ';'
     1>d:\program files (x86)\microsoft visual studio 12.0\vc\include\cmath(39): error C2061: syntax error : identifier 'tanhf'
     1>d:\program files (x86)\microsoft visual studio 12.0\vc\include\cmath(41): error C2061: syntax error : identifier 'acosl'
     1>d:\program files (x86)\microsoft visual studio 12.0\vc\include\cmath(41): error C2059: syntax error : ';'
     1>d:\program files (x86)\microsoft visual studio 12.0\vc\include\cmath(41): error C2061: syntax error : identifier 'asinl'
     1>d:\program files (x86)\microsoft visual studio 12.0\vc\include\cmath(42): error C2061: syntax error : identifier 'atanl'
     1>d:\program files (x86)\microsoft visual studio 12.0\vc\include\cmath(42): error C2059: syntax error : ';'
     1>d:\program files (x86)\microsoft visual studio 12.0\vc\include\cmath(42): error C2061: syntax error : identifier 'atan2l'
     1>d:\program files (x86)\microsoft visual studio 12.0\vc\include\cmath(42): error C2061: syntax error : identifier 'ceill'
     1>d:\program files (x86)\microsoft visual studio 12.0\vc\include\cmath(43): error C2061: syntax error : identifier 'cosl'
     1>d:\program files (x86)\microsoft visual studio 12.0\vc\include\cmath(43): error C2059: syntax error : ';'
     1>d:\program files (x86)\microsoft visual studio 12.0\vc\include\cmath(43): error C2061: syntax error : identifier 'coshl'
     1>d:\program files (x86)\microsoft visual studio 12.0\vc\include\cmath(43): error C2061: syntax error : identifier 'expl'
     1>d:\program files (x86)\microsoft visual studio 12.0\vc\include\cmath(44): error C2061: syntax error : identifier 'fabsl'
     1>d:\program files (x86)\microsoft visual studio 12.0\vc\include\cmath(44): error C2059: syntax error : ';'
     1>d:\program files (x86)\microsoft visual studio 12.0\vc\include\cmath(44): error C2061: syntax error : identifier 'floorl'
     1>d:\program files (x86)\microsoft visual studio 12.0\vc\include\cmath(44): error C2061: syntax error : identifier 'fmodl'
     1>d:\program files (x86)\microsoft visual studio 12.0\vc\include\cmath(45): error C2061: syntax error : identifier 'frexpl'
     1>d:\program files (x86)\microsoft visual studio 12.0\vc\include\cmath(45): error C2059: syntax error : ';'
     1>d:\program files (x86)\microsoft visual studio 12.0\vc\include\cmath(45): error C2061: syntax error : identifier 'ldexpl'
     1>d:\program files (x86)\microsoft visual studio 12.0\vc\include\cmath(45): error C2061: syntax error : identifier 'logl'
     1>d:\program files (x86)\microsoft visual studio 12.0\vc\include\cmath(46): error C2061: syntax error : identifier 'log10l'
     1>d:\program files (x86)\microsoft visual studio 12.0\vc\include\cmath(46): error C2059: syntax error : ';'
     1>d:\program files (x86)\microsoft visual studio 12.0\vc\include\cmath(46): error C2061: syntax error : identifier 'modfl'
     1>d:\program files (x86)\microsoft visual studio 12.0\vc\include\cmath(46): error C2061: syntax error : identifier 'powl'
     1>d:\program files (x86)\microsoft visual studio 12.0\vc\include\cmath(47): error C2061: syntax error : identifier 'sinl'
     1>d:\program files (x86)\microsoft visual studio 12.0\vc\include\cmath(47): error C2059: syntax error : ';'
     1>d:\program files (x86)\microsoft visual studio 12.0\vc\include\cmath(47): error C2061: syntax error : identifier 'sinhl'
     1>d:\program files (x86)\microsoft visual studio 12.0\vc\include\cmath(47): error C2061: syntax error : identifier 'sqrtl'
     1>d:\program files (x86)\microsoft visual studio 12.0\vc\include\cmath(48): error C2061: syntax error : identifier 'tanl'
     1>d:\program files (x86)\microsoft visual studio 12.0\vc\include\cmath(48): error C2059: syntax error : ';'
     1>d:\program files (x86)\microsoft visual studio 12.0\vc\include\cmath(48): error C2061: syntax error : identifier 'tanhl'
     1>d:\program files (x86)\microsoft visual studio 12.0\vc\include\cmath(50): error C2054: expected '(' to follow 'using'
     1>d:\program files (x86)\microsoft visual studio 12.0\vc\include\cmath(50): error C2061: syntax error : identifier 'using'
     1>d:\program files (x86)\microsoft visual studio 12.0\vc\include\cmath(52): error C2061: syntax error : identifier 'acosh'
     1>d:\program files (x86)\microsoft visual studio 12.0\vc\include\cmath(52): error C2059: syntax error : ';'
     1>d:\program files (x86)\microsoft visual studio 12.0\vc\include\cmath(52): error C2061: syntax error : identifier 'asinh'
     1>d:\program files (x86)\microsoft visual studio 12.0\vc\include\cmath(52): error C2061: syntax error : identifier 'atanh'
     1>d:\program files (x86)\microsoft visual studio 12.0\vc\include\cmath(53): error C2061: syntax error : identifier 'cbrt'
     1>d:\program files (x86)\microsoft visual studio 12.0\vc\include\cmath(53): error C2059: syntax error : ';'
     1>d:\program files (x86)\microsoft visual studio 12.0\vc\include\cmath(53): error C2061: syntax error : identifier 'erf'
     1>d:\program files (x86)\microsoft visual studio 12.0\vc\include\cmath(53): error C2061: syntax error : identifier 'erfc'
     1>d:\program files (x86)\microsoft visual studio 12.0\vc\include\cmath(53): fatal error C1003: error count exceeds 100; stopping compilation
     1>Done Building Project "D:\Users\Nizar\Documents\Visual Studio 2013\Projects\CSE430Proj2Part1\CSE430Proj2Part1\CSE430Proj2Part1.vcxproj" (ClCompile target(s)) -- FAILED.

Build FAILED.

Time Elapsed 00:00:00.07
